2018-09-16 15:20:16,175 - Log4JLogChute initialized using file 'velocity.log'
2018-09-16 15:20:16,176 - Starting Apache Velocity v1.6.2 (compiled: 2009-02-19 16:29:46)
2018-09-16 15:20:16,176 - Default Properties File: org\apache\velocity\runtime\defaults\velocity.properties
2018-09-16 15:20:16,176 - Trying to use logger class org.apache.velocity.runtime.log.AvalonLogChute
2018-09-16 15:20:16,176 - Target log system for org.apache.velocity.runtime.log.AvalonLogChute is not available (java.lang.NoClassDefFoundError: org/apache/log/format/Formatter).  Falling back to next log system...
2018-09-16 15:20:16,176 - Trying to use logger class org.apache.velocity.runtime.log.Log4JLogChute
2018-09-16 15:20:16,193 - Using logger class org.apache.velocity.runtime.log.Log4JLogChute
2018-09-16 15:20:16,199 - ResourceLoader instantiated: org.apache.velocity.runtime.resource.loader.FileResourceLoader
2018-09-16 15:20:16,200 - Do unicode file recognition:  false
2018-09-16 15:20:16,200 - FileResourceLoader : adding path 'E:\jiangroom\jm03\utils\codeGenerate/tmp/'
2018-09-16 15:20:16,211 - ResourceCache: initialized (class org.apache.velocity.runtime.resource.ResourceCacheImpl) with class java.util.Collections$SynchronizedMap cache map.
2018-09-16 15:20:16,212 - Loaded System Directive: org.apache.velocity.runtime.directive.Define
2018-09-16 15:20:16,213 - Loaded System Directive: org.apache.velocity.runtime.directive.Break
2018-09-16 15:20:16,214 - Loaded System Directive: org.apache.velocity.runtime.directive.Evaluate
2018-09-16 15:20:16,214 - Loaded System Directive: org.apache.velocity.runtime.directive.Literal
2018-09-16 15:20:16,215 - Loaded System Directive: org.apache.velocity.runtime.directive.Macro
2018-09-16 15:20:16,216 - Loaded System Directive: org.apache.velocity.runtime.directive.Parse
2018-09-16 15:20:16,218 - Loaded System Directive: org.apache.velocity.runtime.directive.Include
2018-09-16 15:20:16,219 - Loaded System Directive: org.apache.velocity.runtime.directive.Foreach
2018-09-16 15:20:16,248 - Created '20' parsers.
2018-09-16 15:20:16,253 - Velocimacro : "velocimacro.library" is not set.  Trying default library: VM_global_library.vm
2018-09-16 15:20:16,253 - Velocimacro : Default library not found.
2018-09-16 15:20:16,253 - Velocimacro : allowInline = true : VMs can be defined inline in templates
2018-09-16 15:20:16,253 - Velocimacro : allowInlineToOverride = false : VMs defined inline may NOT replace previous VM definitions
2018-09-16 15:20:16,253 - Velocimacro : allowInlineLocal = false : VMs defined inline will be global in scope if allowed.
2018-09-16 15:20:16,253 - Velocimacro : autoload off : VM system will not automatically reload global library macros
2018-09-16 15:20:16,308 - ResourceManager : found apiImpl.vm with loader org.apache.velocity.runtime.resource.loader.FileResourceLoader
2018-09-16 15:20:16,341 - ResourceManager : found apiImpl.vm with loader org.apache.velocity.runtime.resource.loader.FileResourceLoader
2018-09-16 15:20:16,376 - ResourceManager : found apiImpl.vm with loader org.apache.velocity.runtime.resource.loader.FileResourceLoader
2018-09-16 15:20:16,408 - ResourceManager : found apiImpl.vm with loader org.apache.velocity.runtime.resource.loader.FileResourceLoader
2018-09-16 15:20:16,438 - ResourceManager : found apiImpl.vm with loader org.apache.velocity.runtime.resource.loader.FileResourceLoader
2018-09-16 15:20:16,466 - ResourceManager : found apiImpl.vm with loader org.apache.velocity.runtime.resource.loader.FileResourceLoader
2018-09-16 15:20:16,493 - ResourceManager : found apiImpl.vm with loader org.apache.velocity.runtime.resource.loader.FileResourceLoader
2018-09-16 15:20:16,531 - ResourceManager : found apiImpl.vm with loader org.apache.velocity.runtime.resource.loader.FileResourceLoader
2018-09-16 15:20:16,559 - ResourceManager : found apiImpl.vm with loader org.apache.velocity.runtime.resource.loader.FileResourceLoader
2018-09-16 15:20:16,592 - ResourceManager : found dao.vm with loader org.apache.velocity.runtime.resource.loader.FileResourceLoader
2018-09-16 15:20:16,618 - ResourceManager : found dao.vm with loader org.apache.velocity.runtime.resource.loader.FileResourceLoader
2018-09-16 15:20:16,646 - ResourceManager : found dao.vm with loader org.apache.velocity.runtime.resource.loader.FileResourceLoader
2018-09-16 15:20:16,677 - ResourceManager : found dao.vm with loader org.apache.velocity.runtime.resource.loader.FileResourceLoader
2018-09-16 15:20:16,703 - ResourceManager : found dao.vm with loader org.apache.velocity.runtime.resource.loader.FileResourceLoader
2018-09-16 15:20:16,729 - ResourceManager : found dao.vm with loader org.apache.velocity.runtime.resource.loader.FileResourceLoader
2018-09-16 15:20:16,783 - ResourceManager : found dao.vm with loader org.apache.velocity.runtime.resource.loader.FileResourceLoader
2018-09-16 15:20:16,810 - ResourceManager : found dao.vm with loader org.apache.velocity.runtime.resource.loader.FileResourceLoader
2018-09-16 15:20:16,837 - ResourceManager : found dao.vm with loader org.apache.velocity.runtime.resource.loader.FileResourceLoader
2018-09-16 15:20:16,870 - ResourceManager : found api.vm with loader org.apache.velocity.runtime.resource.loader.FileResourceLoader
2018-09-16 15:20:16,896 - ResourceManager : found api.vm with loader org.apache.velocity.runtime.resource.loader.FileResourceLoader
2018-09-16 15:20:16,921 - ResourceManager : found api.vm with loader org.apache.velocity.runtime.resource.loader.FileResourceLoader
2018-09-16 15:20:16,948 - ResourceManager : found api.vm with loader org.apache.velocity.runtime.resource.loader.FileResourceLoader
2018-09-16 15:20:16,972 - ResourceManager : found api.vm with loader org.apache.velocity.runtime.resource.loader.FileResourceLoader
2018-09-16 15:20:16,999 - ResourceManager : found api.vm with loader org.apache.velocity.runtime.resource.loader.FileResourceLoader
2018-09-16 15:20:17,027 - ResourceManager : found api.vm with loader org.apache.velocity.runtime.resource.loader.FileResourceLoader
2018-09-16 15:20:17,057 - ResourceManager : found api.vm with loader org.apache.velocity.runtime.resource.loader.FileResourceLoader
2018-09-16 15:20:17,085 - ResourceManager : found api.vm with loader org.apache.velocity.runtime.resource.loader.FileResourceLoader
2018-09-16 15:20:17,142 - ResourceManager : found query.vm with loader org.apache.velocity.runtime.resource.loader.FileResourceLoader
2018-09-16 15:20:17,182 - ResourceManager : found query.vm with loader org.apache.velocity.runtime.resource.loader.FileResourceLoader
2018-09-16 15:20:17,215 - ResourceManager : found query.vm with loader org.apache.velocity.runtime.resource.loader.FileResourceLoader
2018-09-16 15:20:17,250 - ResourceManager : found query.vm with loader org.apache.velocity.runtime.resource.loader.FileResourceLoader
2018-09-16 15:20:17,285 - ResourceManager : found query.vm with loader org.apache.velocity.runtime.resource.loader.FileResourceLoader
2018-09-16 15:20:17,318 - ResourceManager : found query.vm with loader org.apache.velocity.runtime.resource.loader.FileResourceLoader
2018-09-16 15:20:17,346 - ResourceManager : found query.vm with loader org.apache.velocity.runtime.resource.loader.FileResourceLoader
2018-09-16 15:20:17,392 - ResourceManager : found query.vm with loader org.apache.velocity.runtime.resource.loader.FileResourceLoader
2018-09-16 15:20:17,426 - ResourceManager : found query.vm with loader org.apache.velocity.runtime.resource.loader.FileResourceLoader
2018-09-16 15:20:17,470 - ResourceManager : found entity.vm with loader org.apache.velocity.runtime.resource.loader.FileResourceLoader
2018-09-16 15:20:17,502 - ResourceManager : found entity.vm with loader org.apache.velocity.runtime.resource.loader.FileResourceLoader
2018-09-16 15:20:17,526 - ResourceManager : found entity.vm with loader org.apache.velocity.runtime.resource.loader.FileResourceLoader
2018-09-16 15:20:17,550 - ResourceManager : found entity.vm with loader org.apache.velocity.runtime.resource.loader.FileResourceLoader
2018-09-16 15:20:17,573 - ResourceManager : found entity.vm with loader org.apache.velocity.runtime.resource.loader.FileResourceLoader
2018-09-16 15:20:17,603 - ResourceManager : found entity.vm with loader org.apache.velocity.runtime.resource.loader.FileResourceLoader
2018-09-16 15:20:17,635 - ResourceManager : found entity.vm with loader org.apache.velocity.runtime.resource.loader.FileResourceLoader
2018-09-16 15:20:17,658 - ResourceManager : found entity.vm with loader org.apache.velocity.runtime.resource.loader.FileResourceLoader
2018-09-16 15:20:17,683 - ResourceManager : found entity.vm with loader org.apache.velocity.runtime.resource.loader.FileResourceLoader
2018-09-16 15:20:17,712 - ResourceManager : found serviceImpl.vm with loader org.apache.velocity.runtime.resource.loader.FileResourceLoader
2018-09-16 15:20:17,738 - ResourceManager : found serviceImpl.vm with loader org.apache.velocity.runtime.resource.loader.FileResourceLoader
2018-09-16 15:20:17,763 - ResourceManager : found serviceImpl.vm with loader org.apache.velocity.runtime.resource.loader.FileResourceLoader
2018-09-16 15:20:17,791 - ResourceManager : found serviceImpl.vm with loader org.apache.velocity.runtime.resource.loader.FileResourceLoader
2018-09-16 15:20:17,830 - ResourceManager : found serviceImpl.vm with loader org.apache.velocity.runtime.resource.loader.FileResourceLoader
2018-09-16 15:20:17,865 - ResourceManager : found serviceImpl.vm with loader org.apache.velocity.runtime.resource.loader.FileResourceLoader
2018-09-16 15:20:17,897 - ResourceManager : found serviceImpl.vm with loader org.apache.velocity.runtime.resource.loader.FileResourceLoader
2018-09-16 15:20:17,931 - ResourceManager : found serviceImpl.vm with loader org.apache.velocity.runtime.resource.loader.FileResourceLoader
2018-09-16 15:20:17,961 - ResourceManager : found serviceImpl.vm with loader org.apache.velocity.runtime.resource.loader.FileResourceLoader
2018-09-16 15:20:18,036 - ResourceManager : found mapper.vm with loader org.apache.velocity.runtime.resource.loader.FileResourceLoader
2018-09-16 15:20:18,068 - ResourceManager : found mapper.vm with loader org.apache.velocity.runtime.resource.loader.FileResourceLoader
2018-09-16 15:20:18,109 - ResourceManager : found mapper.vm with loader org.apache.velocity.runtime.resource.loader.FileResourceLoader
2018-09-16 15:20:18,157 - ResourceManager : found mapper.vm with loader org.apache.velocity.runtime.resource.loader.FileResourceLoader
2018-09-16 15:20:18,192 - ResourceManager : found mapper.vm with loader org.apache.velocity.runtime.resource.loader.FileResourceLoader
2018-09-16 15:20:18,231 - ResourceManager : found mapper.vm with loader org.apache.velocity.runtime.resource.loader.FileResourceLoader
2018-09-16 15:20:18,271 - ResourceManager : found mapper.vm with loader org.apache.velocity.runtime.resource.loader.FileResourceLoader
2018-09-16 15:20:18,313 - ResourceManager : found mapper.vm with loader org.apache.velocity.runtime.resource.loader.FileResourceLoader
2018-09-16 15:20:18,348 - ResourceManager : found mapper.vm with loader org.apache.velocity.runtime.resource.loader.FileResourceLoader
2018-09-16 15:20:18,394 - ResourceManager : found vo.vm with loader org.apache.velocity.runtime.resource.loader.FileResourceLoader
2018-09-16 15:20:18,426 - ResourceManager : found vo.vm with loader org.apache.velocity.runtime.resource.loader.FileResourceLoader
2018-09-16 15:20:18,458 - ResourceManager : found vo.vm with loader org.apache.velocity.runtime.resource.loader.FileResourceLoader
2018-09-16 15:20:18,486 - ResourceManager : found vo.vm with loader org.apache.velocity.runtime.resource.loader.FileResourceLoader
2018-09-16 15:20:18,521 - ResourceManager : found vo.vm with loader org.apache.velocity.runtime.resource.loader.FileResourceLoader
2018-09-16 15:20:18,558 - ResourceManager : found vo.vm with loader org.apache.velocity.runtime.resource.loader.FileResourceLoader
2018-09-16 15:20:18,591 - ResourceManager : found vo.vm with loader org.apache.velocity.runtime.resource.loader.FileResourceLoader
2018-09-16 15:20:18,630 - ResourceManager : found vo.vm with loader org.apache.velocity.runtime.resource.loader.FileResourceLoader
2018-09-16 15:20:18,666 - ResourceManager : found vo.vm with loader org.apache.velocity.runtime.resource.loader.FileResourceLoader
2018-09-16 15:20:18,710 - ResourceManager : found service.vm with loader org.apache.velocity.runtime.resource.loader.FileResourceLoader
2018-09-16 15:20:18,743 - ResourceManager : found service.vm with loader org.apache.velocity.runtime.resource.loader.FileResourceLoader
2018-09-16 15:20:18,797 - ResourceManager : found service.vm with loader org.apache.velocity.runtime.resource.loader.FileResourceLoader
2018-09-16 15:20:18,821 - ResourceManager : found service.vm with loader org.apache.velocity.runtime.resource.loader.FileResourceLoader
2018-09-16 15:20:18,843 - ResourceManager : found service.vm with loader org.apache.velocity.runtime.resource.loader.FileResourceLoader
2018-09-16 15:20:18,865 - ResourceManager : found service.vm with loader org.apache.velocity.runtime.resource.loader.FileResourceLoader
2018-09-16 15:20:18,887 - ResourceManager : found service.vm with loader org.apache.velocity.runtime.resource.loader.FileResourceLoader
2018-09-16 15:20:18,909 - ResourceManager : found service.vm with loader org.apache.velocity.runtime.resource.loader.FileResourceLoader
2018-09-16 15:20:18,931 - ResourceManager : found service.vm with loader org.apache.velocity.runtime.resource.loader.FileResourceLoader
2018-09-16 15:20:51,707 - ResourceManager : found apiImpl.vm with loader org.apache.velocity.runtime.resource.loader.FileResourceLoader
2018-09-16 15:20:51,733 - ResourceManager : found apiImpl.vm with loader org.apache.velocity.runtime.resource.loader.FileResourceLoader
2018-09-16 15:20:51,760 - ResourceManager : found apiImpl.vm with loader org.apache.velocity.runtime.resource.loader.FileResourceLoader
2018-09-16 15:20:51,790 - ResourceManager : found apiImpl.vm with loader org.apache.velocity.runtime.resource.loader.FileResourceLoader
2018-09-16 15:20:51,824 - ResourceManager : found apiImpl.vm with loader org.apache.velocity.runtime.resource.loader.FileResourceLoader
2018-09-16 15:20:51,852 - ResourceManager : found apiImpl.vm with loader org.apache.velocity.runtime.resource.loader.FileResourceLoader
2018-09-16 15:20:51,873 - ResourceManager : found apiImpl.vm with loader org.apache.velocity.runtime.resource.loader.FileResourceLoader
2018-09-16 15:20:51,909 - ResourceManager : found apiImpl.vm with loader org.apache.velocity.runtime.resource.loader.FileResourceLoader
2018-09-16 15:20:51,935 - ResourceManager : found apiImpl.vm with loader org.apache.velocity.runtime.resource.loader.FileResourceLoader
2018-09-16 15:20:51,956 - ResourceManager : found dao.vm with loader org.apache.velocity.runtime.resource.loader.FileResourceLoader
2018-09-16 15:20:51,978 - ResourceManager : found dao.vm with loader org.apache.velocity.runtime.resource.loader.FileResourceLoader
2018-09-16 15:20:52,000 - ResourceManager : found dao.vm with loader org.apache.velocity.runtime.resource.loader.FileResourceLoader
2018-09-16 15:20:52,022 - ResourceManager : found dao.vm with loader org.apache.velocity.runtime.resource.loader.FileResourceLoader
2018-09-16 15:20:52,047 - ResourceManager : found dao.vm with loader org.apache.velocity.runtime.resource.loader.FileResourceLoader
2018-09-16 15:20:52,083 - ResourceManager : found dao.vm with loader org.apache.velocity.runtime.resource.loader.FileResourceLoader
2018-09-16 15:20:52,122 - ResourceManager : found dao.vm with loader org.apache.velocity.runtime.resource.loader.FileResourceLoader
2018-09-16 15:20:52,161 - ResourceManager : found dao.vm with loader org.apache.velocity.runtime.resource.loader.FileResourceLoader
2018-09-16 15:20:52,192 - ResourceManager : found dao.vm with loader org.apache.velocity.runtime.resource.loader.FileResourceLoader
2018-09-16 15:20:52,215 - ResourceManager : found api.vm with loader org.apache.velocity.runtime.resource.loader.FileResourceLoader
2018-09-16 15:20:52,243 - ResourceManager : found api.vm with loader org.apache.velocity.runtime.resource.loader.FileResourceLoader
2018-09-16 15:20:52,265 - ResourceManager : found api.vm with loader org.apache.velocity.runtime.resource.loader.FileResourceLoader
2018-09-16 15:20:52,289 - ResourceManager : found api.vm with loader org.apache.velocity.runtime.resource.loader.FileResourceLoader
2018-09-16 15:20:52,311 - ResourceManager : found api.vm with loader org.apache.velocity.runtime.resource.loader.FileResourceLoader
2018-09-16 15:20:52,334 - ResourceManager : found api.vm with loader org.apache.velocity.runtime.resource.loader.FileResourceLoader
2018-09-16 15:20:52,356 - ResourceManager : found api.vm with loader org.apache.velocity.runtime.resource.loader.FileResourceLoader
2018-09-16 15:20:52,378 - ResourceManager : found api.vm with loader org.apache.velocity.runtime.resource.loader.FileResourceLoader
2018-09-16 15:20:52,403 - ResourceManager : found api.vm with loader org.apache.velocity.runtime.resource.loader.FileResourceLoader
2018-09-16 15:20:52,426 - ResourceManager : found query.vm with loader org.apache.velocity.runtime.resource.loader.FileResourceLoader
2018-09-16 15:20:52,449 - ResourceManager : found query.vm with loader org.apache.velocity.runtime.resource.loader.FileResourceLoader
2018-09-16 15:20:52,472 - ResourceManager : found query.vm with loader org.apache.velocity.runtime.resource.loader.FileResourceLoader
2018-09-16 15:20:52,497 - ResourceManager : found query.vm with loader org.apache.velocity.runtime.resource.loader.FileResourceLoader
2018-09-16 15:20:52,521 - ResourceManager : found query.vm with loader org.apache.velocity.runtime.resource.loader.FileResourceLoader
2018-09-16 15:20:52,546 - ResourceManager : found query.vm with loader org.apache.velocity.runtime.resource.loader.FileResourceLoader
2018-09-16 15:20:52,570 - ResourceManager : found query.vm with loader org.apache.velocity.runtime.resource.loader.FileResourceLoader
2018-09-16 15:20:52,593 - ResourceManager : found query.vm with loader org.apache.velocity.runtime.resource.loader.FileResourceLoader
2018-09-16 15:20:52,629 - ResourceManager : found query.vm with loader org.apache.velocity.runtime.resource.loader.FileResourceLoader
2018-09-16 15:20:52,658 - ResourceManager : found entity.vm with loader org.apache.velocity.runtime.resource.loader.FileResourceLoader
2018-09-16 15:20:52,688 - ResourceManager : found entity.vm with loader org.apache.velocity.runtime.resource.loader.FileResourceLoader
2018-09-16 15:20:52,712 - ResourceManager : found entity.vm with loader org.apache.velocity.runtime.resource.loader.FileResourceLoader
2018-09-16 15:20:52,734 - ResourceManager : found entity.vm with loader org.apache.velocity.runtime.resource.loader.FileResourceLoader
2018-09-16 15:20:52,757 - ResourceManager : found entity.vm with loader org.apache.velocity.runtime.resource.loader.FileResourceLoader
2018-09-16 15:20:52,783 - ResourceManager : found entity.vm with loader org.apache.velocity.runtime.resource.loader.FileResourceLoader
2018-09-16 15:20:52,805 - ResourceManager : found entity.vm with loader org.apache.velocity.runtime.resource.loader.FileResourceLoader
2018-09-16 15:20:52,828 - ResourceManager : found entity.vm with loader org.apache.velocity.runtime.resource.loader.FileResourceLoader
2018-09-16 15:20:52,853 - ResourceManager : found entity.vm with loader org.apache.velocity.runtime.resource.loader.FileResourceLoader
2018-09-16 15:20:52,876 - ResourceManager : found serviceImpl.vm with loader org.apache.velocity.runtime.resource.loader.FileResourceLoader
2018-09-16 15:20:52,901 - ResourceManager : found serviceImpl.vm with loader org.apache.velocity.runtime.resource.loader.FileResourceLoader
2018-09-16 15:20:52,925 - ResourceManager : found serviceImpl.vm with loader org.apache.velocity.runtime.resource.loader.FileResourceLoader
2018-09-16 15:20:52,949 - ResourceManager : found serviceImpl.vm with loader org.apache.velocity.runtime.resource.loader.FileResourceLoader
2018-09-16 15:20:52,972 - ResourceManager : found serviceImpl.vm with loader org.apache.velocity.runtime.resource.loader.FileResourceLoader
2018-09-16 15:20:52,999 - ResourceManager : found serviceImpl.vm with loader org.apache.velocity.runtime.resource.loader.FileResourceLoader
2018-09-16 15:20:53,033 - ResourceManager : found serviceImpl.vm with loader org.apache.velocity.runtime.resource.loader.FileResourceLoader
2018-09-16 15:20:53,094 - ResourceManager : found serviceImpl.vm with loader org.apache.velocity.runtime.resource.loader.FileResourceLoader
2018-09-16 15:20:53,119 - ResourceManager : found serviceImpl.vm with loader org.apache.velocity.runtime.resource.loader.FileResourceLoader
2018-09-16 15:20:53,147 - ResourceManager : found mapper.vm with loader org.apache.velocity.runtime.resource.loader.FileResourceLoader
2018-09-16 15:20:53,174 - ResourceManager : found mapper.vm with loader org.apache.velocity.runtime.resource.loader.FileResourceLoader
2018-09-16 15:20:53,200 - ResourceManager : found mapper.vm with loader org.apache.velocity.runtime.resource.loader.FileResourceLoader
2018-09-16 15:20:53,224 - ResourceManager : found mapper.vm with loader org.apache.velocity.runtime.resource.loader.FileResourceLoader
2018-09-16 15:20:53,258 - ResourceManager : found mapper.vm with loader org.apache.velocity.runtime.resource.loader.FileResourceLoader
2018-09-16 15:20:53,290 - ResourceManager : found mapper.vm with loader org.apache.velocity.runtime.resource.loader.FileResourceLoader
2018-09-16 15:20:53,320 - ResourceManager : found mapper.vm with loader org.apache.velocity.runtime.resource.loader.FileResourceLoader
2018-09-16 15:20:53,350 - ResourceManager : found mapper.vm with loader org.apache.velocity.runtime.resource.loader.FileResourceLoader
2018-09-16 15:20:53,387 - ResourceManager : found mapper.vm with loader org.apache.velocity.runtime.resource.loader.FileResourceLoader
2018-09-16 15:20:53,419 - ResourceManager : found vo.vm with loader org.apache.velocity.runtime.resource.loader.FileResourceLoader
2018-09-16 15:20:53,445 - ResourceManager : found vo.vm with loader org.apache.velocity.runtime.resource.loader.FileResourceLoader
2018-09-16 15:20:53,474 - ResourceManager : found vo.vm with loader org.apache.velocity.runtime.resource.loader.FileResourceLoader
2018-09-16 15:20:53,501 - ResourceManager : found vo.vm with loader org.apache.velocity.runtime.resource.loader.FileResourceLoader
2018-09-16 15:20:53,531 - ResourceManager : found vo.vm with loader org.apache.velocity.runtime.resource.loader.FileResourceLoader
2018-09-16 15:20:53,555 - ResourceManager : found vo.vm with loader org.apache.velocity.runtime.resource.loader.FileResourceLoader
2018-09-16 15:20:53,579 - ResourceManager : found vo.vm with loader org.apache.velocity.runtime.resource.loader.FileResourceLoader
2018-09-16 15:20:53,601 - ResourceManager : found vo.vm with loader org.apache.velocity.runtime.resource.loader.FileResourceLoader
2018-09-16 15:20:53,624 - ResourceManager : found vo.vm with loader org.apache.velocity.runtime.resource.loader.FileResourceLoader
2018-09-16 15:20:53,647 - ResourceManager : found service.vm with loader org.apache.velocity.runtime.resource.loader.FileResourceLoader
2018-09-16 15:20:53,669 - ResourceManager : found service.vm with loader org.apache.velocity.runtime.resource.loader.FileResourceLoader
2018-09-16 15:20:53,692 - ResourceManager : found service.vm with loader org.apache.velocity.runtime.resource.loader.FileResourceLoader
2018-09-16 15:20:53,714 - ResourceManager : found service.vm with loader org.apache.velocity.runtime.resource.loader.FileResourceLoader
2018-09-16 15:20:53,737 - ResourceManager : found service.vm with loader org.apache.velocity.runtime.resource.loader.FileResourceLoader
2018-09-16 15:20:53,760 - ResourceManager : found service.vm with loader org.apache.velocity.runtime.resource.loader.FileResourceLoader
2018-09-16 15:20:53,782 - ResourceManager : found service.vm with loader org.apache.velocity.runtime.resource.loader.FileResourceLoader
2018-09-16 15:20:53,804 - ResourceManager : found service.vm with loader org.apache.velocity.runtime.resource.loader.FileResourceLoader
2018-09-16 15:20:53,825 - ResourceManager : found service.vm with loader org.apache.velocity.runtime.resource.loader.FileResourceLoader
2018-09-16 15:23:48,170 - Log4JLogChute initialized using file 'velocity.log'
2018-09-16 15:23:48,171 - Starting Apache Velocity v1.6.2 (compiled: 2009-02-19 16:29:46)
2018-09-16 15:23:48,171 - Default Properties File: org\apache\velocity\runtime\defaults\velocity.properties
2018-09-16 15:23:48,171 - Trying to use logger class org.apache.velocity.runtime.log.AvalonLogChute
2018-09-16 15:23:48,171 - Target log system for org.apache.velocity.runtime.log.AvalonLogChute is not available (java.lang.NoClassDefFoundError: org/apache/log/format/Formatter).  Falling back to next log system...
2018-09-16 15:23:48,171 - Trying to use logger class org.apache.velocity.runtime.log.Log4JLogChute
2018-09-16 15:23:48,171 - Using logger class org.apache.velocity.runtime.log.Log4JLogChute
2018-09-16 15:23:48,178 - ResourceLoader instantiated: org.apache.velocity.runtime.resource.loader.FileResourceLoader
2018-09-16 15:23:48,180 - Do unicode file recognition:  false
2018-09-16 15:23:48,180 - FileResourceLoader : adding path 'E:\jiangroom\jm03\utils\codeGenerate/tmp/'
2018-09-16 15:23:48,197 - ResourceCache: initialized (class org.apache.velocity.runtime.resource.ResourceCacheImpl) with class java.util.Collections$SynchronizedMap cache map.
2018-09-16 15:23:48,199 - Loaded System Directive: org.apache.velocity.runtime.directive.Define
2018-09-16 15:23:48,199 - Loaded System Directive: org.apache.velocity.runtime.directive.Break
2018-09-16 15:23:48,200 - Loaded System Directive: org.apache.velocity.runtime.directive.Evaluate
2018-09-16 15:23:48,201 - Loaded System Directive: org.apache.velocity.runtime.directive.Literal
2018-09-16 15:23:48,202 - Loaded System Directive: org.apache.velocity.runtime.directive.Macro
2018-09-16 15:23:48,203 - Loaded System Directive: org.apache.velocity.runtime.directive.Parse
2018-09-16 15:23:48,204 - Loaded System Directive: org.apache.velocity.runtime.directive.Include
2018-09-16 15:23:48,205 - Loaded System Directive: org.apache.velocity.runtime.directive.Foreach
2018-09-16 15:23:48,235 - Created '20' parsers.
2018-09-16 15:23:48,240 - Velocimacro : "velocimacro.library" is not set.  Trying default library: VM_global_library.vm
2018-09-16 15:23:48,240 - Velocimacro : Default library not found.
2018-09-16 15:23:48,240 - Velocimacro : allowInline = true : VMs can be defined inline in templates
2018-09-16 15:23:48,240 - Velocimacro : allowInlineToOverride = false : VMs defined inline may NOT replace previous VM definitions
2018-09-16 15:23:48,240 - Velocimacro : allowInlineLocal = false : VMs defined inline will be global in scope if allowed.
2018-09-16 15:23:48,240 - Velocimacro : autoload off : VM system will not automatically reload global library macros
2018-09-16 15:23:48,273 - ResourceManager : found apiImpl.vm with loader org.apache.velocity.runtime.resource.loader.FileResourceLoader
2018-09-16 15:23:48,315 - ResourceManager : found apiImpl.vm with loader org.apache.velocity.runtime.resource.loader.FileResourceLoader
2018-09-16 15:23:48,359 - ResourceManager : found apiImpl.vm with loader org.apache.velocity.runtime.resource.loader.FileResourceLoader
2018-09-16 15:23:48,388 - ResourceManager : found apiImpl.vm with loader org.apache.velocity.runtime.resource.loader.FileResourceLoader
2018-09-16 15:23:48,417 - ResourceManager : found apiImpl.vm with loader org.apache.velocity.runtime.resource.loader.FileResourceLoader
2018-09-16 15:23:48,445 - ResourceManager : found apiImpl.vm with loader org.apache.velocity.runtime.resource.loader.FileResourceLoader
2018-09-16 15:23:48,474 - ResourceManager : found apiImpl.vm with loader org.apache.velocity.runtime.resource.loader.FileResourceLoader
2018-09-16 15:23:48,504 - ResourceManager : found apiImpl.vm with loader org.apache.velocity.runtime.resource.loader.FileResourceLoader
2018-09-16 15:23:48,535 - ResourceManager : found apiImpl.vm with loader org.apache.velocity.runtime.resource.loader.FileResourceLoader
2018-09-16 15:23:48,575 - ResourceManager : found dao.vm with loader org.apache.velocity.runtime.resource.loader.FileResourceLoader
2018-09-16 15:23:48,604 - ResourceManager : found dao.vm with loader org.apache.velocity.runtime.resource.loader.FileResourceLoader
2018-09-16 15:23:48,633 - ResourceManager : found dao.vm with loader org.apache.velocity.runtime.resource.loader.FileResourceLoader
2018-09-16 15:23:48,661 - ResourceManager : found dao.vm with loader org.apache.velocity.runtime.resource.loader.FileResourceLoader
2018-09-16 15:23:48,687 - ResourceManager : found dao.vm with loader org.apache.velocity.runtime.resource.loader.FileResourceLoader
2018-09-16 15:23:48,713 - ResourceManager : found dao.vm with loader org.apache.velocity.runtime.resource.loader.FileResourceLoader
2018-09-16 15:23:48,772 - ResourceManager : found dao.vm with loader org.apache.velocity.runtime.resource.loader.FileResourceLoader
2018-09-16 15:23:48,804 - ResourceManager : found dao.vm with loader org.apache.velocity.runtime.resource.loader.FileResourceLoader
2018-09-16 15:23:48,831 - ResourceManager : found dao.vm with loader org.apache.velocity.runtime.resource.loader.FileResourceLoader
2018-09-16 15:23:48,884 - ResourceManager : found api.vm with loader org.apache.velocity.runtime.resource.loader.FileResourceLoader
2018-09-16 15:23:48,909 - ResourceManager : found api.vm with loader org.apache.velocity.runtime.resource.loader.FileResourceLoader
2018-09-16 15:23:48,936 - ResourceManager : found api.vm with loader org.apache.velocity.runtime.resource.loader.FileResourceLoader
2018-09-16 15:23:48,967 - ResourceManager : found api.vm with loader org.apache.velocity.runtime.resource.loader.FileResourceLoader
2018-09-16 15:23:49,003 - ResourceManager : found api.vm with loader org.apache.velocity.runtime.resource.loader.FileResourceLoader
2018-09-16 15:23:49,039 - ResourceManager : found api.vm with loader org.apache.velocity.runtime.resource.loader.FileResourceLoader
2018-09-16 15:23:49,071 - ResourceManager : found api.vm with loader org.apache.velocity.runtime.resource.loader.FileResourceLoader
2018-09-16 15:23:49,103 - ResourceManager : found api.vm with loader org.apache.velocity.runtime.resource.loader.FileResourceLoader
2018-09-16 15:23:49,128 - ResourceManager : found api.vm with loader org.apache.velocity.runtime.resource.loader.FileResourceLoader
2018-09-16 15:23:49,183 - ResourceManager : found query.vm with loader org.apache.velocity.runtime.resource.loader.FileResourceLoader
2018-09-16 15:23:49,217 - ResourceManager : found query.vm with loader org.apache.velocity.runtime.resource.loader.FileResourceLoader
2018-09-16 15:23:49,257 - ResourceManager : found query.vm with loader org.apache.velocity.runtime.resource.loader.FileResourceLoader
2018-09-16 15:23:49,282 - ResourceManager : found query.vm with loader org.apache.velocity.runtime.resource.loader.FileResourceLoader
2018-09-16 15:23:49,308 - ResourceManager : found query.vm with loader org.apache.velocity.runtime.resource.loader.FileResourceLoader
2018-09-16 15:23:49,333 - ResourceManager : found query.vm with loader org.apache.velocity.runtime.resource.loader.FileResourceLoader
2018-09-16 15:23:49,360 - ResourceManager : found query.vm with loader org.apache.velocity.runtime.resource.loader.FileResourceLoader
2018-09-16 15:23:49,396 - ResourceManager : found query.vm with loader org.apache.velocity.runtime.resource.loader.FileResourceLoader
2018-09-16 15:23:49,428 - ResourceManager : found query.vm with loader org.apache.velocity.runtime.resource.loader.FileResourceLoader
2018-09-16 15:23:49,472 - ResourceManager : found entity.vm with loader org.apache.velocity.runtime.resource.loader.FileResourceLoader
2018-09-16 15:23:49,505 - ResourceManager : found entity.vm with loader org.apache.velocity.runtime.resource.loader.FileResourceLoader
2018-09-16 15:23:49,533 - ResourceManager : found entity.vm with loader org.apache.velocity.runtime.resource.loader.FileResourceLoader
2018-09-16 15:23:49,557 - ResourceManager : found entity.vm with loader org.apache.velocity.runtime.resource.loader.FileResourceLoader
2018-09-16 15:23:49,586 - ResourceManager : found entity.vm with loader org.apache.velocity.runtime.resource.loader.FileResourceLoader
2018-09-16 15:23:49,610 - ResourceManager : found entity.vm with loader org.apache.velocity.runtime.resource.loader.FileResourceLoader
2018-09-16 15:23:49,637 - ResourceManager : found entity.vm with loader org.apache.velocity.runtime.resource.loader.FileResourceLoader
2018-09-16 15:23:49,660 - ResourceManager : found entity.vm with loader org.apache.velocity.runtime.resource.loader.FileResourceLoader
2018-09-16 15:23:49,686 - ResourceManager : found entity.vm with loader org.apache.velocity.runtime.resource.loader.FileResourceLoader
2018-09-16 15:23:49,738 - ResourceManager : found serviceImpl.vm with loader org.apache.velocity.runtime.resource.loader.FileResourceLoader
2018-09-16 15:23:49,774 - ResourceManager : found serviceImpl.vm with loader org.apache.velocity.runtime.resource.loader.FileResourceLoader
2018-09-16 15:23:49,809 - ResourceManager : found serviceImpl.vm with loader org.apache.velocity.runtime.resource.loader.FileResourceLoader
2018-09-16 15:23:49,846 - ResourceManager : found serviceImpl.vm with loader org.apache.velocity.runtime.resource.loader.FileResourceLoader
2018-09-16 15:23:49,880 - ResourceManager : found serviceImpl.vm with loader org.apache.velocity.runtime.resource.loader.FileResourceLoader
2018-09-16 15:23:49,908 - ResourceManager : found serviceImpl.vm with loader org.apache.velocity.runtime.resource.loader.FileResourceLoader
2018-09-16 15:23:49,939 - ResourceManager : found serviceImpl.vm with loader org.apache.velocity.runtime.resource.loader.FileResourceLoader
2018-09-16 15:23:49,971 - ResourceManager : found serviceImpl.vm with loader org.apache.velocity.runtime.resource.loader.FileResourceLoader
2018-09-16 15:23:50,004 - ResourceManager : found serviceImpl.vm with loader org.apache.velocity.runtime.resource.loader.FileResourceLoader
2018-09-16 15:23:50,076 - ResourceManager : found mapper.vm with loader org.apache.velocity.runtime.resource.loader.FileResourceLoader
2018-09-16 15:23:50,116 - ResourceManager : found mapper.vm with loader org.apache.velocity.runtime.resource.loader.FileResourceLoader
2018-09-16 15:23:50,158 - ResourceManager : found mapper.vm with loader org.apache.velocity.runtime.resource.loader.FileResourceLoader
2018-09-16 15:23:50,190 - ResourceManager : found mapper.vm with loader org.apache.velocity.runtime.resource.loader.FileResourceLoader
2018-09-16 15:23:50,227 - ResourceManager : found mapper.vm with loader org.apache.velocity.runtime.resource.loader.FileResourceLoader
2018-09-16 15:23:50,264 - ResourceManager : found mapper.vm with loader org.apache.velocity.runtime.resource.loader.FileResourceLoader
2018-09-16 15:23:50,300 - ResourceManager : found mapper.vm with loader org.apache.velocity.runtime.resource.loader.FileResourceLoader
2018-09-16 15:23:50,333 - ResourceManager : found mapper.vm with loader org.apache.velocity.runtime.resource.loader.FileResourceLoader
2018-09-16 15:23:50,367 - ResourceManager : found mapper.vm with loader org.apache.velocity.runtime.resource.loader.FileResourceLoader
2018-09-16 15:23:50,421 - ResourceManager : found vo.vm with loader org.apache.velocity.runtime.resource.loader.FileResourceLoader
2018-09-16 15:23:50,457 - ResourceManager : found vo.vm with loader org.apache.velocity.runtime.resource.loader.FileResourceLoader
2018-09-16 15:23:50,483 - ResourceManager : found vo.vm with loader org.apache.velocity.runtime.resource.loader.FileResourceLoader
2018-09-16 15:23:50,515 - ResourceManager : found vo.vm with loader org.apache.velocity.runtime.resource.loader.FileResourceLoader
2018-09-16 15:23:50,542 - ResourceManager : found vo.vm with loader org.apache.velocity.runtime.resource.loader.FileResourceLoader
2018-09-16 15:23:50,572 - ResourceManager : found vo.vm with loader org.apache.velocity.runtime.resource.loader.FileResourceLoader
2018-09-16 15:23:50,602 - ResourceManager : found vo.vm with loader org.apache.velocity.runtime.resource.loader.FileResourceLoader
2018-09-16 15:23:50,632 - ResourceManager : found vo.vm with loader org.apache.velocity.runtime.resource.loader.FileResourceLoader
2018-09-16 15:23:50,665 - ResourceManager : found vo.vm with loader org.apache.velocity.runtime.resource.loader.FileResourceLoader
2018-09-16 15:23:50,748 - ResourceManager : found service.vm with loader org.apache.velocity.runtime.resource.loader.FileResourceLoader
2018-09-16 15:23:50,776 - ResourceManager : found service.vm with loader org.apache.velocity.runtime.resource.loader.FileResourceLoader
2018-09-16 15:23:50,805 - ResourceManager : found service.vm with loader org.apache.velocity.runtime.resource.loader.FileResourceLoader
2018-09-16 15:23:50,827 - ResourceManager : found service.vm with loader org.apache.velocity.runtime.resource.loader.FileResourceLoader
2018-09-16 15:23:50,850 - ResourceManager : found service.vm with loader org.apache.velocity.runtime.resource.loader.FileResourceLoader
2018-09-16 15:23:50,873 - ResourceManager : found service.vm with loader org.apache.velocity.runtime.resource.loader.FileResourceLoader
2018-09-16 15:23:50,895 - ResourceManager : found service.vm with loader org.apache.velocity.runtime.resource.loader.FileResourceLoader
2018-09-16 15:23:50,917 - ResourceManager : found service.vm with loader org.apache.velocity.runtime.resource.loader.FileResourceLoader
2018-09-16 15:23:50,940 - ResourceManager : found service.vm with loader org.apache.velocity.runtime.resource.loader.FileResourceLoader
2018-09-16 15:23:58,224 - ResourceManager : found apiImpl.vm with loader org.apache.velocity.runtime.resource.loader.FileResourceLoader
2018-09-16 15:23:58,247 - ResourceManager : found apiImpl.vm with loader org.apache.velocity.runtime.resource.loader.FileResourceLoader
2018-09-16 15:23:58,270 - ResourceManager : found apiImpl.vm with loader org.apache.velocity.runtime.resource.loader.FileResourceLoader
2018-09-16 15:23:58,293 - ResourceManager : found apiImpl.vm with loader org.apache.velocity.runtime.resource.loader.FileResourceLoader
2018-09-16 15:23:58,318 - ResourceManager : found apiImpl.vm with loader org.apache.velocity.runtime.resource.loader.FileResourceLoader
2018-09-16 15:23:58,341 - ResourceManager : found apiImpl.vm with loader org.apache.velocity.runtime.resource.loader.FileResourceLoader
2018-09-16 15:23:58,363 - ResourceManager : found apiImpl.vm with loader org.apache.velocity.runtime.resource.loader.FileResourceLoader
2018-09-16 15:23:58,393 - ResourceManager : found apiImpl.vm with loader org.apache.velocity.runtime.resource.loader.FileResourceLoader
2018-09-16 15:23:58,418 - ResourceManager : found apiImpl.vm with loader org.apache.velocity.runtime.resource.loader.FileResourceLoader
2018-09-16 15:23:58,464 - ResourceManager : found dao.vm with loader org.apache.velocity.runtime.resource.loader.FileResourceLoader
2018-09-16 15:23:58,488 - ResourceManager : found dao.vm with loader org.apache.velocity.runtime.resource.loader.FileResourceLoader
2018-09-16 15:23:58,510 - ResourceManager : found dao.vm with loader org.apache.velocity.runtime.resource.loader.FileResourceLoader
2018-09-16 15:23:58,533 - ResourceManager : found dao.vm with loader org.apache.velocity.runtime.resource.loader.FileResourceLoader
2018-09-16 15:23:58,561 - ResourceManager : found dao.vm with loader org.apache.velocity.runtime.resource.loader.FileResourceLoader
2018-09-16 15:23:58,587 - ResourceManager : found dao.vm with loader org.apache.velocity.runtime.resource.loader.FileResourceLoader
2018-09-16 15:23:58,619 - ResourceManager : found dao.vm with loader org.apache.velocity.runtime.resource.loader.FileResourceLoader
2018-09-16 15:23:58,643 - ResourceManager : found dao.vm with loader org.apache.velocity.runtime.resource.loader.FileResourceLoader
2018-09-16 15:23:58,670 - ResourceManager : found dao.vm with loader org.apache.velocity.runtime.resource.loader.FileResourceLoader
2018-09-16 15:23:58,713 - ResourceManager : found api.vm with loader org.apache.velocity.runtime.resource.loader.FileResourceLoader
2018-09-16 15:23:58,744 - ResourceManager : found api.vm with loader org.apache.velocity.runtime.resource.loader.FileResourceLoader
2018-09-16 15:23:58,784 - ResourceManager : found api.vm with loader org.apache.velocity.runtime.resource.loader.FileResourceLoader
2018-09-16 15:23:58,814 - ResourceManager : found api.vm with loader org.apache.velocity.runtime.resource.loader.FileResourceLoader
2018-09-16 15:23:58,848 - ResourceManager : found api.vm with loader org.apache.velocity.runtime.resource.loader.FileResourceLoader
2018-09-16 15:23:58,873 - ResourceManager : found api.vm with loader org.apache.velocity.runtime.resource.loader.FileResourceLoader
2018-09-16 15:23:58,900 - ResourceManager : found api.vm with loader org.apache.velocity.runtime.resource.loader.FileResourceLoader
2018-09-16 15:23:58,922 - ResourceManager : found api.vm with loader org.apache.velocity.runtime.resource.loader.FileResourceLoader
2018-09-16 15:23:58,945 - ResourceManager : found api.vm with loader org.apache.velocity.runtime.resource.loader.FileResourceLoader
2018-09-16 15:23:58,992 - ResourceManager : found query.vm with loader org.apache.velocity.runtime.resource.loader.FileResourceLoader
2018-09-16 15:23:59,018 - ResourceManager : found query.vm with loader org.apache.velocity.runtime.resource.loader.FileResourceLoader
2018-09-16 15:23:59,044 - ResourceManager : found query.vm with loader org.apache.velocity.runtime.resource.loader.FileResourceLoader
2018-09-16 15:23:59,076 - ResourceManager : found query.vm with loader org.apache.velocity.runtime.resource.loader.FileResourceLoader
2018-09-16 15:23:59,106 - ResourceManager : found query.vm with loader org.apache.velocity.runtime.resource.loader.FileResourceLoader
2018-09-16 15:23:59,143 - ResourceManager : found query.vm with loader org.apache.velocity.runtime.resource.loader.FileResourceLoader
2018-09-16 15:23:59,169 - ResourceManager : found query.vm with loader org.apache.velocity.runtime.resource.loader.FileResourceLoader
2018-09-16 15:23:59,193 - ResourceManager : found query.vm with loader org.apache.velocity.runtime.resource.loader.FileResourceLoader
2018-09-16 15:23:59,227 - ResourceManager : found query.vm with loader org.apache.velocity.runtime.resource.loader.FileResourceLoader
2018-09-16 15:23:59,272 - ResourceManager : found entity.vm with loader org.apache.velocity.runtime.resource.loader.FileResourceLoader
2018-09-16 15:23:59,298 - ResourceManager : found entity.vm with loader org.apache.velocity.runtime.resource.loader.FileResourceLoader
2018-09-16 15:23:59,321 - ResourceManager : found entity.vm with loader org.apache.velocity.runtime.resource.loader.FileResourceLoader
2018-09-16 15:23:59,345 - ResourceManager : found entity.vm with loader org.apache.velocity.runtime.resource.loader.FileResourceLoader
2018-09-16 15:23:59,368 - ResourceManager : found entity.vm with loader org.apache.velocity.runtime.resource.loader.FileResourceLoader
2018-09-16 15:23:59,393 - ResourceManager : found entity.vm with loader org.apache.velocity.runtime.resource.loader.FileResourceLoader
2018-09-16 15:23:59,416 - ResourceManager : found entity.vm with loader org.apache.velocity.runtime.resource.loader.FileResourceLoader
2018-09-16 15:23:59,440 - ResourceManager : found entity.vm with loader org.apache.velocity.runtime.resource.loader.FileResourceLoader
2018-09-16 15:23:59,463 - ResourceManager : found entity.vm with loader org.apache.velocity.runtime.resource.loader.FileResourceLoader
2018-09-16 15:23:59,498 - ResourceManager : found serviceImpl.vm with loader org.apache.velocity.runtime.resource.loader.FileResourceLoader
2018-09-16 15:23:59,522 - ResourceManager : found serviceImpl.vm with loader org.apache.velocity.runtime.resource.loader.FileResourceLoader
2018-09-16 15:23:59,550 - ResourceManager : found serviceImpl.vm with loader org.apache.velocity.runtime.resource.loader.FileResourceLoader
2018-09-16 15:23:59,577 - ResourceManager : found serviceImpl.vm with loader org.apache.velocity.runtime.resource.loader.FileResourceLoader
2018-09-16 15:23:59,600 - ResourceManager : found serviceImpl.vm with loader org.apache.velocity.runtime.resource.loader.FileResourceLoader
2018-09-16 15:23:59,632 - ResourceManager : found serviceImpl.vm with loader org.apache.velocity.runtime.resource.loader.FileResourceLoader
2018-09-16 15:23:59,660 - ResourceManager : found serviceImpl.vm with loader org.apache.velocity.runtime.resource.loader.FileResourceLoader
2018-09-16 15:23:59,720 - ResourceManager : found serviceImpl.vm with loader org.apache.velocity.runtime.resource.loader.FileResourceLoader
2018-09-16 15:23:59,744 - ResourceManager : found serviceImpl.vm with loader org.apache.velocity.runtime.resource.loader.FileResourceLoader
2018-09-16 15:23:59,784 - ResourceManager : found mapper.vm with loader org.apache.velocity.runtime.resource.loader.FileResourceLoader
2018-09-16 15:23:59,810 - ResourceManager : found mapper.vm with loader org.apache.velocity.runtime.resource.loader.FileResourceLoader
2018-09-16 15:23:59,834 - ResourceManager : found mapper.vm with loader org.apache.velocity.runtime.resource.loader.FileResourceLoader
2018-09-16 15:23:59,859 - ResourceManager : found mapper.vm with loader org.apache.velocity.runtime.resource.loader.FileResourceLoader
2018-09-16 15:23:59,888 - ResourceManager : found mapper.vm with loader org.apache.velocity.runtime.resource.loader.FileResourceLoader
2018-09-16 15:23:59,917 - ResourceManager : found mapper.vm with loader org.apache.velocity.runtime.resource.loader.FileResourceLoader
2018-09-16 15:23:59,954 - ResourceManager : found mapper.vm with loader org.apache.velocity.runtime.resource.loader.FileResourceLoader
2018-09-16 15:23:59,986 - ResourceManager : found mapper.vm with loader org.apache.velocity.runtime.resource.loader.FileResourceLoader
2018-09-16 15:24:00,028 - ResourceManager : found mapper.vm with loader org.apache.velocity.runtime.resource.loader.FileResourceLoader
2018-09-16 15:24:00,072 - ResourceManager : found vo.vm with loader org.apache.velocity.runtime.resource.loader.FileResourceLoader
2018-09-16 15:24:00,098 - ResourceManager : found vo.vm with loader org.apache.velocity.runtime.resource.loader.FileResourceLoader
2018-09-16 15:24:00,128 - ResourceManager : found vo.vm with loader org.apache.velocity.runtime.resource.loader.FileResourceLoader
2018-09-16 15:24:00,159 - ResourceManager : found vo.vm with loader org.apache.velocity.runtime.resource.loader.FileResourceLoader
2018-09-16 15:24:00,187 - ResourceManager : found vo.vm with loader org.apache.velocity.runtime.resource.loader.FileResourceLoader
2018-09-16 15:24:00,211 - ResourceManager : found vo.vm with loader org.apache.velocity.runtime.resource.loader.FileResourceLoader
2018-09-16 15:24:00,234 - ResourceManager : found vo.vm with loader org.apache.velocity.runtime.resource.loader.FileResourceLoader
2018-09-16 15:24:00,256 - ResourceManager : found vo.vm with loader org.apache.velocity.runtime.resource.loader.FileResourceLoader
2018-09-16 15:24:00,279 - ResourceManager : found vo.vm with loader org.apache.velocity.runtime.resource.loader.FileResourceLoader
2018-09-16 15:24:00,316 - ResourceManager : found service.vm with loader org.apache.velocity.runtime.resource.loader.FileResourceLoader
2018-09-16 15:24:00,339 - ResourceManager : found service.vm with loader org.apache.velocity.runtime.resource.loader.FileResourceLoader
2018-09-16 15:24:00,362 - ResourceManager : found service.vm with loader org.apache.velocity.runtime.resource.loader.FileResourceLoader
2018-09-16 15:24:00,385 - ResourceManager : found service.vm with loader org.apache.velocity.runtime.resource.loader.FileResourceLoader
2018-09-16 15:24:00,407 - ResourceManager : found service.vm with loader org.apache.velocity.runtime.resource.loader.FileResourceLoader
2018-09-16 15:24:00,429 - ResourceManager : found service.vm with loader org.apache.velocity.runtime.resource.loader.FileResourceLoader
2018-09-16 15:24:00,453 - ResourceManager : found service.vm with loader org.apache.velocity.runtime.resource.loader.FileResourceLoader
2018-09-16 15:24:00,475 - ResourceManager : found service.vm with loader org.apache.velocity.runtime.resource.loader.FileResourceLoader
2018-09-16 15:24:00,497 - ResourceManager : found service.vm with loader org.apache.velocity.runtime.resource.loader.FileResourceLoader
2018-09-16 15:29:55,735 - Log4JLogChute initialized using file 'velocity.log'
2018-09-16 15:29:55,735 - Starting Apache Velocity v1.6.2 (compiled: 2009-02-19 16:29:46)
2018-09-16 15:29:55,735 - Default Properties File: org\apache\velocity\runtime\defaults\velocity.properties
2018-09-16 15:29:55,735 - Trying to use logger class org.apache.velocity.runtime.log.AvalonLogChute
2018-09-16 15:29:55,735 - Target log system for org.apache.velocity.runtime.log.AvalonLogChute is not available (java.lang.NoClassDefFoundError: org/apache/log/format/Formatter).  Falling back to next log system...
2018-09-16 15:29:55,735 - Trying to use logger class org.apache.velocity.runtime.log.Log4JLogChute
2018-09-16 15:29:55,735 - Using logger class org.apache.velocity.runtime.log.Log4JLogChute
2018-09-16 15:29:55,741 - ResourceLoader instantiated: org.apache.velocity.runtime.resource.loader.FileResourceLoader
2018-09-16 15:29:55,743 - Do unicode file recognition:  false
2018-09-16 15:29:55,743 - FileResourceLoader : adding path 'E:\jiangroom\jm03\utils\codeGenerate/tmp/'
2018-09-16 15:29:55,758 - ResourceCache: initialized (class org.apache.velocity.runtime.resource.ResourceCacheImpl) with class java.util.Collections$SynchronizedMap cache map.
2018-09-16 15:29:55,760 - Loaded System Directive: org.apache.velocity.runtime.directive.Define
2018-09-16 15:29:55,761 - Loaded System Directive: org.apache.velocity.runtime.directive.Break
2018-09-16 15:29:55,761 - Loaded System Directive: org.apache.velocity.runtime.directive.Evaluate
2018-09-16 15:29:55,762 - Loaded System Directive: org.apache.velocity.runtime.directive.Literal
2018-09-16 15:29:55,764 - Loaded System Directive: org.apache.velocity.runtime.directive.Macro
2018-09-16 15:29:55,766 - Loaded System Directive: org.apache.velocity.runtime.directive.Parse
2018-09-16 15:29:55,768 - Loaded System Directive: org.apache.velocity.runtime.directive.Include
2018-09-16 15:29:55,769 - Loaded System Directive: org.apache.velocity.runtime.directive.Foreach
2018-09-16 15:29:55,800 - Created '20' parsers.
2018-09-16 15:29:55,805 - Velocimacro : "velocimacro.library" is not set.  Trying default library: VM_global_library.vm
2018-09-16 15:29:55,805 - Velocimacro : Default library not found.
2018-09-16 15:29:55,806 - Velocimacro : allowInline = true : VMs can be defined inline in templates
2018-09-16 15:29:55,806 - Velocimacro : allowInlineToOverride = false : VMs defined inline may NOT replace previous VM definitions
2018-09-16 15:29:55,806 - Velocimacro : allowInlineLocal = false : VMs defined inline will be global in scope if allowed.
2018-09-16 15:29:55,806 - Velocimacro : autoload off : VM system will not automatically reload global library macros
2018-09-16 15:29:55,840 - ResourceManager : found apiImpl.vm with loader org.apache.velocity.runtime.resource.loader.FileResourceLoader
2018-09-16 15:29:55,888 - ResourceManager : found dao.vm with loader org.apache.velocity.runtime.resource.loader.FileResourceLoader
2018-09-16 15:29:55,930 - ResourceManager : found api.vm with loader org.apache.velocity.runtime.resource.loader.FileResourceLoader
2018-09-16 15:29:55,988 - ResourceManager : found query.vm with loader org.apache.velocity.runtime.resource.loader.FileResourceLoader
2018-09-16 15:29:56,034 - ResourceManager : found entity.vm with loader org.apache.velocity.runtime.resource.loader.FileResourceLoader
2018-09-16 15:29:56,085 - ResourceManager : found serviceImpl.vm with loader org.apache.velocity.runtime.resource.loader.FileResourceLoader
2018-09-16 15:29:56,155 - ResourceManager : found mapper.vm with loader org.apache.velocity.runtime.resource.loader.FileResourceLoader
2018-09-16 15:29:56,218 - ResourceManager : found vo.vm with loader org.apache.velocity.runtime.resource.loader.FileResourceLoader
2018-09-16 15:29:56,265 - ResourceManager : found service.vm with loader org.apache.velocity.runtime.resource.loader.FileResourceLoader
2018-09-16 15:30:02,179 - ResourceManager : found apiImpl.vm with loader org.apache.velocity.runtime.resource.loader.FileResourceLoader
2018-09-16 15:30:02,224 - ResourceManager : found dao.vm with loader org.apache.velocity.runtime.resource.loader.FileResourceLoader
2018-09-16 15:30:02,264 - ResourceManager : found api.vm with loader org.apache.velocity.runtime.resource.loader.FileResourceLoader
2018-09-16 15:30:02,312 - ResourceManager : found query.vm with loader org.apache.velocity.runtime.resource.loader.FileResourceLoader
2018-09-16 15:30:02,356 - ResourceManager : found entity.vm with loader org.apache.velocity.runtime.resource.loader.FileResourceLoader
2018-09-16 15:30:02,399 - ResourceManager : found serviceImpl.vm with loader org.apache.velocity.runtime.resource.loader.FileResourceLoader
2018-09-16 15:30:02,445 - ResourceManager : found mapper.vm with loader org.apache.velocity.runtime.resource.loader.FileResourceLoader
2018-09-16 15:30:02,492 - ResourceManager : found vo.vm with loader org.apache.velocity.runtime.resource.loader.FileResourceLoader
2018-09-16 15:30:02,533 - ResourceManager : found service.vm with loader org.apache.velocity.runtime.resource.loader.FileResourceLoader
2018-09-16 15:30:09,335 - ResourceManager : found apiImpl.vm with loader org.apache.velocity.runtime.resource.loader.FileResourceLoader
2018-09-16 15:30:09,371 - ResourceManager : found dao.vm with loader org.apache.velocity.runtime.resource.loader.FileResourceLoader
2018-09-16 15:30:09,407 - ResourceManager : found api.vm with loader org.apache.velocity.runtime.resource.loader.FileResourceLoader
2018-09-16 15:30:09,456 - ResourceManager : found query.vm with loader org.apache.velocity.runtime.resource.loader.FileResourceLoader
2018-09-16 15:30:09,502 - ResourceManager : found entity.vm with loader org.apache.velocity.runtime.resource.loader.FileResourceLoader
2018-09-16 15:30:09,544 - ResourceManager : found serviceImpl.vm with loader org.apache.velocity.runtime.resource.loader.FileResourceLoader
2018-09-16 15:30:09,587 - ResourceManager : found mapper.vm with loader org.apache.velocity.runtime.resource.loader.FileResourceLoader
2018-09-16 15:30:09,632 - ResourceManager : found vo.vm with loader org.apache.velocity.runtime.resource.loader.FileResourceLoader
2018-09-16 15:30:09,685 - ResourceManager : found service.vm with loader org.apache.velocity.runtime.resource.loader.FileResourceLoader
2018-09-16 15:31:28,737 - Log4JLogChute initialized using file 'velocity.log'
2018-09-16 15:31:28,738 - Starting Apache Velocity v1.6.2 (compiled: 2009-02-19 16:29:46)
2018-09-16 15:31:28,738 - Default Properties File: org\apache\velocity\runtime\defaults\velocity.properties
2018-09-16 15:31:28,738 - Trying to use logger class org.apache.velocity.runtime.log.AvalonLogChute
2018-09-16 15:31:28,738 - Target log system for org.apache.velocity.runtime.log.AvalonLogChute is not available (java.lang.NoClassDefFoundError: org/apache/log/format/Formatter).  Falling back to next log system...
2018-09-16 15:31:28,738 - Trying to use logger class org.apache.velocity.runtime.log.Log4JLogChute
2018-09-16 15:31:28,738 - Using logger class org.apache.velocity.runtime.log.Log4JLogChute
2018-09-16 15:31:28,746 - ResourceLoader instantiated: org.apache.velocity.runtime.resource.loader.FileResourceLoader
2018-09-16 15:31:28,748 - Do unicode file recognition:  false
2018-09-16 15:31:28,748 - FileResourceLoader : adding path 'E:\jiangroom\jm03\utils\codeGenerate/tmp/'
2018-09-16 15:31:28,767 - ResourceCache: initialized (class org.apache.velocity.runtime.resource.ResourceCacheImpl) with class java.util.Collections$SynchronizedMap cache map.
2018-09-16 15:31:28,769 - Loaded System Directive: org.apache.velocity.runtime.directive.Define
2018-09-16 15:31:28,771 - Loaded System Directive: org.apache.velocity.runtime.directive.Break
2018-09-16 15:31:28,772 - Loaded System Directive: org.apache.velocity.runtime.directive.Evaluate
2018-09-16 15:31:28,774 - Loaded System Directive: org.apache.velocity.runtime.directive.Literal
2018-09-16 15:31:28,776 - Loaded System Directive: org.apache.velocity.runtime.directive.Macro
2018-09-16 15:31:28,778 - Loaded System Directive: org.apache.velocity.runtime.directive.Parse
2018-09-16 15:31:28,780 - Loaded System Directive: org.apache.velocity.runtime.directive.Include
2018-09-16 15:31:28,781 - Loaded System Directive: org.apache.velocity.runtime.directive.Foreach
2018-09-16 15:31:28,827 - Created '20' parsers.
2018-09-16 15:31:28,833 - Velocimacro : "velocimacro.library" is not set.  Trying default library: VM_global_library.vm
2018-09-16 15:31:28,833 - Velocimacro : Default library not found.
2018-09-16 15:31:28,833 - Velocimacro : allowInline = true : VMs can be defined inline in templates
2018-09-16 15:31:28,833 - Velocimacro : allowInlineToOverride = false : VMs defined inline may NOT replace previous VM definitions
2018-09-16 15:31:28,833 - Velocimacro : allowInlineLocal = false : VMs defined inline will be global in scope if allowed.
2018-09-16 15:31:28,833 - Velocimacro : autoload off : VM system will not automatically reload global library macros
2018-09-16 15:31:28,877 - ResourceManager : found apiImpl.vm with loader org.apache.velocity.runtime.resource.loader.FileResourceLoader
2018-09-16 15:31:28,937 - ResourceManager : found dao.vm with loader org.apache.velocity.runtime.resource.loader.FileResourceLoader
2018-09-16 15:31:28,992 - ResourceManager : found api.vm with loader org.apache.velocity.runtime.resource.loader.FileResourceLoader
2018-09-16 15:31:29,114 - ResourceManager : found query.vm with loader org.apache.velocity.runtime.resource.loader.FileResourceLoader
2018-09-16 15:31:29,178 - ResourceManager : found entity.vm with loader org.apache.velocity.runtime.resource.loader.FileResourceLoader
2018-09-16 15:31:29,234 - ResourceManager : found serviceImpl.vm with loader org.apache.velocity.runtime.resource.loader.FileResourceLoader
2018-09-16 15:31:29,298 - ResourceManager : found mapper.vm with loader org.apache.velocity.runtime.resource.loader.FileResourceLoader
2018-09-16 15:31:29,352 - ResourceManager : found vo.vm with loader org.apache.velocity.runtime.resource.loader.FileResourceLoader
2018-09-16 15:31:29,396 - ResourceManager : found service.vm with loader org.apache.velocity.runtime.resource.loader.FileResourceLoader
2018-09-16 15:31:34,602 - ResourceManager : found apiImpl.vm with loader org.apache.velocity.runtime.resource.loader.FileResourceLoader
2018-09-16 15:31:34,642 - ResourceManager : found dao.vm with loader org.apache.velocity.runtime.resource.loader.FileResourceLoader
2018-09-16 15:31:34,684 - ResourceManager : found api.vm with loader org.apache.velocity.runtime.resource.loader.FileResourceLoader
2018-09-16 15:31:34,730 - ResourceManager : found query.vm with loader org.apache.velocity.runtime.resource.loader.FileResourceLoader
2018-09-16 15:31:34,775 - ResourceManager : found entity.vm with loader org.apache.velocity.runtime.resource.loader.FileResourceLoader
2018-09-16 15:31:34,816 - ResourceManager : found serviceImpl.vm with loader org.apache.velocity.runtime.resource.loader.FileResourceLoader
2018-09-16 15:31:34,862 - ResourceManager : found mapper.vm with loader org.apache.velocity.runtime.resource.loader.FileResourceLoader
2018-09-16 15:31:34,917 - ResourceManager : found vo.vm with loader org.apache.velocity.runtime.resource.loader.FileResourceLoader
2018-09-16 15:31:34,957 - ResourceManager : found service.vm with loader org.apache.velocity.runtime.resource.loader.FileResourceLoader
2018-09-16 15:31:37,953 - ResourceManager : found apiImpl.vm with loader org.apache.velocity.runtime.resource.loader.FileResourceLoader
2018-09-16 15:31:37,989 - ResourceManager : found dao.vm with loader org.apache.velocity.runtime.resource.loader.FileResourceLoader
2018-09-16 15:31:38,026 - ResourceManager : found api.vm with loader org.apache.velocity.runtime.resource.loader.FileResourceLoader
2018-09-16 15:31:38,067 - ResourceManager : found query.vm with loader org.apache.velocity.runtime.resource.loader.FileResourceLoader
2018-09-16 15:31:38,113 - ResourceManager : found entity.vm with loader org.apache.velocity.runtime.resource.loader.FileResourceLoader
2018-09-16 15:31:38,152 - ResourceManager : found serviceImpl.vm with loader org.apache.velocity.runtime.resource.loader.FileResourceLoader
2018-09-16 15:31:38,200 - ResourceManager : found mapper.vm with loader org.apache.velocity.runtime.resource.loader.FileResourceLoader
2018-09-16 15:31:38,249 - ResourceManager : found vo.vm with loader org.apache.velocity.runtime.resource.loader.FileResourceLoader
2018-09-16 15:31:38,296 - ResourceManager : found service.vm with loader org.apache.velocity.runtime.resource.loader.FileResourceLoader
2018-09-16 15:31:41,041 - ResourceManager : found apiImpl.vm with loader org.apache.velocity.runtime.resource.loader.FileResourceLoader
2018-09-16 15:31:41,095 - ResourceManager : found dao.vm with loader org.apache.velocity.runtime.resource.loader.FileResourceLoader
2018-09-16 15:31:41,135 - ResourceManager : found api.vm with loader org.apache.velocity.runtime.resource.loader.FileResourceLoader
2018-09-16 15:31:41,176 - ResourceManager : found query.vm with loader org.apache.velocity.runtime.resource.loader.FileResourceLoader
2018-09-16 15:31:41,221 - ResourceManager : found entity.vm with loader org.apache.velocity.runtime.resource.loader.FileResourceLoader
2018-09-16 15:31:41,268 - ResourceManager : found serviceImpl.vm with loader org.apache.velocity.runtime.resource.loader.FileResourceLoader
2018-09-16 15:31:41,319 - ResourceManager : found mapper.vm with loader org.apache.velocity.runtime.resource.loader.FileResourceLoader
2018-09-16 15:31:41,369 - ResourceManager : found vo.vm with loader org.apache.velocity.runtime.resource.loader.FileResourceLoader
2018-09-16 15:31:41,432 - ResourceManager : found service.vm with loader org.apache.velocity.runtime.resource.loader.FileResourceLoader
2018-09-16 15:31:44,247 - ResourceManager : found apiImpl.vm with loader org.apache.velocity.runtime.resource.loader.FileResourceLoader
2018-09-16 15:31:44,289 - ResourceManager : found dao.vm with loader org.apache.velocity.runtime.resource.loader.FileResourceLoader
2018-09-16 15:31:44,323 - ResourceManager : found api.vm with loader org.apache.velocity.runtime.resource.loader.FileResourceLoader
2018-09-16 15:31:44,358 - ResourceManager : found query.vm with loader org.apache.velocity.runtime.resource.loader.FileResourceLoader
2018-09-16 15:31:44,392 - ResourceManager : found entity.vm with loader org.apache.velocity.runtime.resource.loader.FileResourceLoader
2018-09-16 15:31:44,444 - ResourceManager : found serviceImpl.vm with loader org.apache.velocity.runtime.resource.loader.FileResourceLoader
2018-09-16 15:31:44,485 - ResourceManager : found mapper.vm with loader org.apache.velocity.runtime.resource.loader.FileResourceLoader
2018-09-16 15:31:44,522 - ResourceManager : found vo.vm with loader org.apache.velocity.runtime.resource.loader.FileResourceLoader
2018-09-16 15:31:44,559 - ResourceManager : found service.vm with loader org.apache.velocity.runtime.resource.loader.FileResourceLoader
2018-09-16 15:31:48,634 - ResourceManager : found apiImpl.vm with loader org.apache.velocity.runtime.resource.loader.FileResourceLoader
2018-09-16 15:31:48,669 - ResourceManager : found dao.vm with loader org.apache.velocity.runtime.resource.loader.FileResourceLoader
2018-09-16 15:31:48,701 - ResourceManager : found api.vm with loader org.apache.velocity.runtime.resource.loader.FileResourceLoader
2018-09-16 15:31:48,735 - ResourceManager : found query.vm with loader org.apache.velocity.runtime.resource.loader.FileResourceLoader
2018-09-16 15:31:48,773 - ResourceManager : found entity.vm with loader org.apache.velocity.runtime.resource.loader.FileResourceLoader
2018-09-16 15:31:48,813 - ResourceManager : found serviceImpl.vm with loader org.apache.velocity.runtime.resource.loader.FileResourceLoader
2018-09-16 15:31:48,855 - ResourceManager : found mapper.vm with loader org.apache.velocity.runtime.resource.loader.FileResourceLoader
2018-09-16 15:31:48,898 - ResourceManager : found vo.vm with loader org.apache.velocity.runtime.resource.loader.FileResourceLoader
2018-09-16 15:31:48,938 - ResourceManager : found service.vm with loader org.apache.velocity.runtime.resource.loader.FileResourceLoader
2018-09-16 15:32:57,708 - ResourceManager : found apiImpl.vm with loader org.apache.velocity.runtime.resource.loader.FileResourceLoader
2018-09-16 15:32:57,711 - Null reference [template 'apiImpl.vm', line 18, column 12] : $user cannot be resolved.
2018-09-16 15:32:57,743 - ResourceManager : found dao.vm with loader org.apache.velocity.runtime.resource.loader.FileResourceLoader
2018-09-16 15:32:57,743 - Null reference [template 'dao.vm', line 12, column 12] : $user cannot be resolved.
2018-09-16 15:32:57,767 - ResourceManager : found api.vm with loader org.apache.velocity.runtime.resource.loader.FileResourceLoader
2018-09-16 15:32:57,767 - Null reference [template 'api.vm', line 12, column 12] : $user cannot be resolved.
2018-09-16 15:32:57,791 - ResourceManager : found query.vm with loader org.apache.velocity.runtime.resource.loader.FileResourceLoader
2018-09-16 15:32:57,792 - Null reference [template 'query.vm', line 13, column 12] : $user cannot be resolved.
2018-09-16 15:32:57,827 - ResourceManager : found entity.vm with loader org.apache.velocity.runtime.resource.loader.FileResourceLoader
2018-09-16 15:32:57,827 - Null reference [template 'entity.vm', line 13, column 12] : $user cannot be resolved.
2018-09-16 15:32:57,857 - ResourceManager : found serviceImpl.vm with loader org.apache.velocity.runtime.resource.loader.FileResourceLoader
2018-09-16 15:32:57,858 - Null reference [template 'serviceImpl.vm', line 21, column 12] : $user cannot be resolved.
2018-09-16 15:32:57,888 - ResourceManager : found mapper.vm with loader org.apache.velocity.runtime.resource.loader.FileResourceLoader
2018-09-16 15:32:57,888 - Null reference [template 'mapper.vm', line 3, column 25] : ${user} cannot be resolved.
2018-09-16 15:32:57,923 - ResourceManager : found vo.vm with loader org.apache.velocity.runtime.resource.loader.FileResourceLoader
2018-09-16 15:32:57,923 - Null reference [template 'vo.vm', line 12, column 12] : $user cannot be resolved.
2018-09-16 15:32:57,938 - ResourceManager : found service.vm with loader org.apache.velocity.runtime.resource.loader.FileResourceLoader
2018-09-16 15:32:57,938 - Null reference [template 'service.vm', line 11, column 12] : $user cannot be resolved.
2018-09-16 15:33:20,325 - ResourceManager : found apiImpl.vm with loader org.apache.velocity.runtime.resource.loader.FileResourceLoader
2018-09-16 15:33:20,326 - Null reference [template 'apiImpl.vm', line 18, column 12] : $user cannot be resolved.
2018-09-16 15:33:20,348 - ResourceManager : found dao.vm with loader org.apache.velocity.runtime.resource.loader.FileResourceLoader
2018-09-16 15:33:20,349 - Null reference [template 'dao.vm', line 12, column 12] : $user cannot be resolved.
2018-09-16 15:33:20,368 - ResourceManager : found api.vm with loader org.apache.velocity.runtime.resource.loader.FileResourceLoader
2018-09-16 15:33:20,368 - Null reference [template 'api.vm', line 12, column 12] : $user cannot be resolved.
2018-09-16 15:33:20,385 - ResourceManager : found query.vm with loader org.apache.velocity.runtime.resource.loader.FileResourceLoader
2018-09-16 15:33:20,385 - Null reference [template 'query.vm', line 13, column 12] : $user cannot be resolved.
2018-09-16 15:33:20,403 - ResourceManager : found entity.vm with loader org.apache.velocity.runtime.resource.loader.FileResourceLoader
2018-09-16 15:33:20,403 - Null reference [template 'entity.vm', line 13, column 12] : $user cannot be resolved.
2018-09-16 15:33:20,424 - ResourceManager : found serviceImpl.vm with loader org.apache.velocity.runtime.resource.loader.FileResourceLoader
2018-09-16 15:33:20,424 - Null reference [template 'serviceImpl.vm', line 21, column 12] : $user cannot be resolved.
2018-09-16 15:33:20,435 - ResourceManager : found mapper.vm with loader org.apache.velocity.runtime.resource.loader.FileResourceLoader
2018-09-16 15:33:20,436 - Null reference [template 'mapper.vm', line 3, column 25] : ${user} cannot be resolved.
2018-09-16 15:33:20,470 - ResourceManager : found vo.vm with loader org.apache.velocity.runtime.resource.loader.FileResourceLoader
2018-09-16 15:33:20,471 - Null reference [template 'vo.vm', line 12, column 12] : $user cannot be resolved.
2018-09-16 15:33:20,481 - ResourceManager : found service.vm with loader org.apache.velocity.runtime.resource.loader.FileResourceLoader
2018-09-16 15:33:20,481 - Null reference [template 'service.vm', line 11, column 12] : $user cannot be resolved.
